{"/mnt/dfbf6578-15e8-4484-ba95-e42dfd0125b9/Playground/fortext/src/functions/basename.js": {"path":"/mnt/dfbf6578-15e8-4484-ba95-e42dfd0125b9/Playground/fortext/src/functions/basename.js","all":false,"statementMap":{"0":{"start":{"line":1,"column":0},"end":{"line":1,"column":0}},"1":{"start":{"line":2,"column":0},"end":{"line":2,"column":3}},"2":{"start":{"line":3,"column":0},"end":{"line":3,"column":29}},"3":{"start":{"line":4,"column":0},"end":{"line":4,"column":21}},"4":{"start":{"line":5,"column":0},"end":{"line":5,"column":3}},"5":{"start":{"line":6,"column":0},"end":{"line":6,"column":54}},"6":{"start":{"line":7,"column":0},"end":{"line":7,"column":43}},"7":{"start":{"line":8,"column":0},"end":{"line":8,"column":4}},"8":{"start":{"line":9,"column":0},"end":{"line":9,"column":46}},"9":{"start":{"line":10,"column":0},"end":{"line":10,"column":24}},"10":{"start":{"line":11,"column":0},"end":{"line":11,"column":5}},"11":{"start":{"line":12,"column":0},"end":{"line":12,"column":0}},"12":{"start":{"line":13,"column":0},"end":{"line":13,"column":43}},"13":{"start":{"line":14,"column":0},"end":{"line":14,"column":1}}},"s":{"0":1,"1":1,"2":1,"3":1,"4":1,"5":1,"6":3,"7":3,"8":3,"9":1,"10":1,"11":3,"12":3,"13":3},"branchMap":{"0":{"type":"branch","line":6,"loc":{"start":{"line":6,"column":43},"end":{"line":14,"column":1}},"locations":[{"start":{"line":6,"column":43},"end":{"line":14,"column":1}}]},"1":{"type":"branch","line":9,"loc":{"start":{"line":9,"column":45},"end":{"line":11,"column":5}},"locations":[{"start":{"line":9,"column":45},"end":{"line":11,"column":5}}]}},"b":{"0":[3],"1":[1]},"fnMap":{"0":{"name":"Object.<anonymous>.exports.default.String.basename","decl":{"start":{"line":6,"column":43},"end":{"line":14,"column":1}},"loc":{"start":{"line":6,"column":43},"end":{"line":14,"column":1}},"line":6}},"f":{"0":3}}
,"/mnt/dfbf6578-15e8-4484-ba95-e42dfd0125b9/Playground/fortext/src/functions/exists.js": {"path":"/mnt/dfbf6578-15e8-4484-ba95-e42dfd0125b9/Playground/fortext/src/functions/exists.js","all":false,"statementMap":{"0":{"start":{"line":1,"column":0},"end":{"line":1,"column":3}},"1":{"start":{"line":2,"column":0},"end":{"line":2,"column":48}},"2":{"start":{"line":3,"column":0},"end":{"line":3,"column":42}},"3":{"start":{"line":4,"column":0},"end":{"line":4,"column":3}},"4":{"start":{"line":5,"column":0},"end":{"line":5,"column":0}},"5":{"start":{"line":6,"column":0},"end":{"line":6,"column":56}},"6":{"start":{"line":7,"column":0},"end":{"line":7,"column":36}},"7":{"start":{"line":8,"column":0},"end":{"line":8,"column":1}}},"s":{"0":1,"1":1,"2":1,"3":1,"4":1,"5":1,"6":2,"7":2},"branchMap":{"0":{"type":"branch","line":6,"loc":{"start":{"line":6,"column":41},"end":{"line":8,"column":1}},"locations":[{"start":{"line":6,"column":41},"end":{"line":8,"column":1}}]}},"b":{"0":[2]},"fnMap":{"0":{"name":"Object.<anonymous>.exports.default.String.exists","decl":{"start":{"line":6,"column":41},"end":{"line":8,"column":1}},"loc":{"start":{"line":6,"column":41},"end":{"line":8,"column":1}},"line":6}},"f":{"0":2}}
,"/mnt/dfbf6578-15e8-4484-ba95-e42dfd0125b9/Playground/fortext/src/functions/firstWord.js": {"path":"/mnt/dfbf6578-15e8-4484-ba95-e42dfd0125b9/Playground/fortext/src/functions/firstWord.js","all":false,"statementMap":{"0":{"start":{"line":1,"column":0},"end":{"line":1,"column":3}},"1":{"start":{"line":2,"column":0},"end":{"line":2,"column":29}},"2":{"start":{"line":3,"column":0},"end":{"line":3,"column":34}},"3":{"start":{"line":4,"column":0},"end":{"line":4,"column":3}},"4":{"start":{"line":5,"column":0},"end":{"line":5,"column":0}},"5":{"start":{"line":6,"column":0},"end":{"line":6,"column":56}},"6":{"start":{"line":7,"column":0},"end":{"line":7,"column":37}},"7":{"start":{"line":8,"column":0},"end":{"line":8,"column":1}}},"s":{"0":1,"1":1,"2":1,"3":1,"4":1,"5":1,"6":1,"7":1},"branchMap":{"0":{"type":"branch","line":6,"loc":{"start":{"line":6,"column":44},"end":{"line":8,"column":1}},"locations":[{"start":{"line":6,"column":44},"end":{"line":8,"column":1}}]}},"b":{"0":[1]},"fnMap":{"0":{"name":"Object.<anonymous>.exports.default.String.firstWord","decl":{"start":{"line":6,"column":44},"end":{"line":8,"column":1}},"loc":{"start":{"line":6,"column":44},"end":{"line":8,"column":1}},"line":6}},"f":{"0":1}}
,"/mnt/dfbf6578-15e8-4484-ba95-e42dfd0125b9/Playground/fortext/src/functions/howMany.js": {"path":"/mnt/dfbf6578-15e8-4484-ba95-e42dfd0125b9/Playground/fortext/src/functions/howMany.js","all":false,"statementMap":{"0":{"start":{"line":1,"column":0},"end":{"line":1,"column":3}},"1":{"start":{"line":2,"column":0},"end":{"line":2,"column":53}},"2":{"start":{"line":3,"column":0},"end":{"line":3,"column":58}},"3":{"start":{"line":4,"column":0},"end":{"line":4,"column":85}},"4":{"start":{"line":5,"column":0},"end":{"line":5,"column":63}},"5":{"start":{"line":6,"column":0},"end":{"line":6,"column":3}},"6":{"start":{"line":7,"column":0},"end":{"line":7,"column":85}},"7":{"start":{"line":8,"column":0},"end":{"line":8,"column":63}},"8":{"start":{"line":9,"column":0},"end":{"line":9,"column":42}},"9":{"start":{"line":10,"column":0},"end":{"line":10,"column":41}},"10":{"start":{"line":11,"column":0},"end":{"line":11,"column":1}}},"s":{"0":1,"1":1,"2":1,"3":1,"4":1,"5":1,"6":1,"7":2,"8":2,"9":2,"10":2},"branchMap":{"0":{"type":"branch","line":7,"loc":{"start":{"line":7,"column":42},"end":{"line":11,"column":1}},"locations":[{"start":{"line":7,"column":42},"end":{"line":11,"column":1}}]},"1":{"type":"branch","line":7,"loc":{"start":{"line":7,"column":84},"end":{"line":7,"column":85}},"locations":[{"start":{"line":7,"column":84},"end":{"line":7,"column":85}}]},"2":{"type":"branch","line":7,"loc":{"start":{"line":7,"column":84},"end":{"line":7,"column":85}},"locations":[{"start":{"line":7,"column":84},"end":{"line":7,"column":85}}]},"3":{"type":"branch","line":7,"loc":{"start":{"line":7,"column":84},"end":{"line":7,"column":83}},"locations":[{"start":{"line":7,"column":84},"end":{"line":7,"column":83}}]},"4":{"type":"branch","line":8,"loc":{"start":{"line":8,"column":26},"end":{"line":8,"column":58}},"locations":[{"start":{"line":8,"column":26},"end":{"line":8,"column":58}}]},"5":{"type":"branch","line":8,"loc":{"start":{"line":8,"column":26},"end":{"line":8,"column":63}},"locations":[{"start":{"line":8,"column":26},"end":{"line":8,"column":63}}]},"6":{"type":"branch","line":10,"loc":{"start":{"line":10,"column":12},"end":{"line":10,"column":34}},"locations":[{"start":{"line":10,"column":12},"end":{"line":10,"column":34}}]}},"b":{"0":[2],"1":[1],"2":[1],"3":[1],"4":[1],"5":[1],"6":[0]},"fnMap":{"0":{"name":"Object.<anonymous>.exports.default.String.howMany","decl":{"start":{"line":7,"column":42},"end":{"line":11,"column":1}},"loc":{"start":{"line":7,"column":42},"end":{"line":11,"column":1}},"line":7}},"f":{"0":2}}
,"/mnt/dfbf6578-15e8-4484-ba95-e42dfd0125b9/Playground/fortext/src/functions/initials.js": {"path":"/mnt/dfbf6578-15e8-4484-ba95-e42dfd0125b9/Playground/fortext/src/functions/initials.js","all":false,"statementMap":{"0":{"start":{"line":1,"column":0},"end":{"line":1,"column":3}},"1":{"start":{"line":2,"column":0},"end":{"line":2,"column":26}},"2":{"start":{"line":3,"column":0},"end":{"line":3,"column":61}},"3":{"start":{"line":4,"column":0},"end":{"line":4,"column":71}},"4":{"start":{"line":5,"column":0},"end":{"line":5,"column":40}},"5":{"start":{"line":6,"column":0},"end":{"line":6,"column":2}},"6":{"start":{"line":7,"column":0},"end":{"line":7,"column":92}},"7":{"start":{"line":8,"column":0},"end":{"line":8,"column":20}},"8":{"start":{"line":9,"column":0},"end":{"line":9,"column":39}},"9":{"start":{"line":10,"column":0},"end":{"line":10,"column":62}},"10":{"start":{"line":11,"column":0},"end":{"line":11,"column":86}},"11":{"start":{"line":12,"column":0},"end":{"line":12,"column":60}},"12":{"start":{"line":13,"column":0},"end":{"line":13,"column":38}},"13":{"start":{"line":14,"column":0},"end":{"line":14,"column":40}},"14":{"start":{"line":15,"column":0},"end":{"line":15,"column":10}},"15":{"start":{"line":16,"column":0},"end":{"line":16,"column":12}},"16":{"start":{"line":17,"column":0},"end":{"line":17,"column":44}},"17":{"start":{"line":18,"column":0},"end":{"line":18,"column":38}},"18":{"start":{"line":19,"column":0},"end":{"line":19,"column":58}},"19":{"start":{"line":20,"column":0},"end":{"line":20,"column":44}},"20":{"start":{"line":21,"column":0},"end":{"line":21,"column":13}},"21":{"start":{"line":22,"column":0},"end":{"line":22,"column":10}},"22":{"start":{"line":23,"column":0},"end":{"line":23,"column":5}},"23":{"start":{"line":24,"column":0},"end":{"line":24,"column":77}},"24":{"start":{"line":25,"column":0},"end":{"line":25,"column":72}},"25":{"start":{"line":26,"column":0},"end":{"line":26,"column":1}}},"s":{"0":1,"1":1,"2":1,"3":1,"4":1,"5":1,"6":1,"7":3,"8":3,"9":3,"10":3,"11":2,"12":2,"13":4,"14":4,"15":3,"16":1,"17":1,"18":2,"19":1,"20":1,"21":2,"22":1,"23":3,"24":3,"25":3},"branchMap":{"0":{"type":"branch","line":7,"loc":{"start":{"line":7,"column":43},"end":{"line":26,"column":1}},"locations":[{"start":{"line":7,"column":43},"end":{"line":26,"column":1}}]},"1":{"type":"branch","line":11,"loc":{"start":{"line":11,"column":8},"end":{"line":11,"column":85}},"locations":[{"start":{"line":11,"column":8},"end":{"line":11,"column":85}}]},"2":{"type":"branch","line":11,"loc":{"start":{"line":11,"column":85},"end":{"line":16,"column":11}},"locations":[{"start":{"line":11,"column":85},"end":{"line":16,"column":11}}]},"3":{"type":"branch","line":16,"loc":{"start":{"line":16,"column":5},"end":{"line":23,"column":5}},"locations":[{"start":{"line":16,"column":5},"end":{"line":23,"column":5}}]},"4":{"type":"branch","line":25,"loc":{"start":{"line":25,"column":12},"end":{"line":25,"column":47}},"locations":[{"start":{"line":25,"column":12},"end":{"line":25,"column":47}}]},"5":{"type":"branch","line":25,"loc":{"start":{"line":25,"column":12},"end":{"line":25,"column":72}},"locations":[{"start":{"line":25,"column":12},"end":{"line":25,"column":72}}]},"6":{"type":"branch","line":13,"loc":{"start":{"line":13,"column":22},"end":{"line":15,"column":10}},"locations":[{"start":{"line":13,"column":22},"end":{"line":15,"column":10}}]},"7":{"type":"branch","line":18,"loc":{"start":{"line":18,"column":22},"end":{"line":22,"column":10}},"locations":[{"start":{"line":18,"column":22},"end":{"line":22,"column":10}}]},"8":{"type":"branch","line":19,"loc":{"start":{"line":19,"column":57},"end":{"line":21,"column":13}},"locations":[{"start":{"line":19,"column":57},"end":{"line":21,"column":13}}]}},"b":{"0":[3],"1":[1],"2":[2],"3":[1],"4":[2],"5":[1],"6":[4],"7":[2],"8":[1]},"fnMap":{"0":{"name":"Object.<anonymous>.exports.default.String.initials","decl":{"start":{"line":7,"column":43},"end":{"line":26,"column":1}},"loc":{"start":{"line":7,"column":43},"end":{"line":26,"column":1}},"line":7}},"f":{"0":3}}
,"/mnt/dfbf6578-15e8-4484-ba95-e42dfd0125b9/Playground/fortext/src/functions/lastWord.js": {"path":"/mnt/dfbf6578-15e8-4484-ba95-e42dfd0125b9/Playground/fortext/src/functions/lastWord.js","all":false,"statementMap":{"0":{"start":{"line":1,"column":0},"end":{"line":1,"column":3}},"1":{"start":{"line":2,"column":0},"end":{"line":2,"column":28}},"2":{"start":{"line":3,"column":0},"end":{"line":3,"column":33}},"3":{"start":{"line":4,"column":0},"end":{"line":4,"column":3}},"4":{"start":{"line":5,"column":0},"end":{"line":5,"column":55}},"5":{"start":{"line":6,"column":0},"end":{"line":6,"column":37}},"6":{"start":{"line":7,"column":0},"end":{"line":7,"column":31}},"7":{"start":{"line":8,"column":0},"end":{"line":8,"column":1}}},"s":{"0":1,"1":1,"2":1,"3":1,"4":1,"5":1,"6":1,"7":1},"branchMap":{"0":{"type":"branch","line":5,"loc":{"start":{"line":5,"column":43},"end":{"line":8,"column":1}},"locations":[{"start":{"line":5,"column":43},"end":{"line":8,"column":1}}]}},"b":{"0":[1]},"fnMap":{"0":{"name":"Object.<anonymous>.exports.default.String.lastWord","decl":{"start":{"line":5,"column":43},"end":{"line":8,"column":1}},"loc":{"start":{"line":5,"column":43},"end":{"line":8,"column":1}},"line":5}},"f":{"0":1}}
}
