TN:
SF:src/functions/basename.js
FN:6,Object.<anonymous>.exports.default.String.basename
FNF:1
FNH:1
FNDA:3,Object.<anonymous>.exports.default.String.basename
DA:1,1
DA:2,1
DA:3,1
DA:4,1
DA:5,1
DA:6,1
DA:7,3
DA:8,3
DA:9,3
DA:10,1
DA:11,1
DA:12,3
DA:13,3
DA:14,3
LF:14
LH:14
BRDA:6,0,0,3
BRDA:9,1,0,1
BRF:2
BRH:2
end_of_record
TN:
SF:src/functions/exists.js
FN:6,Object.<anonymous>.exports.default.String.exists
FNF:1
FNH:1
FNDA:2,Object.<anonymous>.exports.default.String.exists
DA:1,1
DA:2,1
DA:3,1
DA:4,1
DA:5,1
DA:6,1
DA:7,2
DA:8,2
LF:8
LH:8
BRDA:6,0,0,2
BRF:1
BRH:1
end_of_record
TN:
SF:src/functions/firstWord.js
FN:6,Object.<anonymous>.exports.default.String.firstWord
FNF:1
FNH:1
FNDA:1,Object.<anonymous>.exports.default.String.firstWord
DA:1,1
DA:2,1
DA:3,1
DA:4,1
DA:5,1
DA:6,1
DA:7,1
DA:8,1
LF:8
LH:8
BRDA:6,0,0,1
BRF:1
BRH:1
end_of_record
TN:
SF:src/functions/howMany.js
FN:7,Object.<anonymous>.exports.default.String.howMany
FNF:1
FNH:1
FNDA:2,Object.<anonymous>.exports.default.String.howMany
DA:1,1
DA:2,1
DA:3,1
DA:4,1
DA:5,1
DA:6,1
DA:7,1
DA:8,2
DA:9,2
DA:10,2
DA:11,2
LF:11
LH:11
BRDA:7,0,0,2
BRDA:7,1,0,1
BRDA:7,2,0,1
BRDA:7,3,0,1
BRDA:8,4,0,1
BRDA:8,5,0,1
BRDA:10,6,0,0
BRF:7
BRH:6
end_of_record
TN:
SF:src/functions/initials.js
FN:7,Object.<anonymous>.exports.default.String.initials
FNF:1
FNH:1
FNDA:3,Object.<anonymous>.exports.default.String.initials
DA:1,1
DA:2,1
DA:3,1
DA:4,1
DA:5,1
DA:6,1
DA:7,1
DA:8,3
DA:9,3
DA:10,3
DA:11,3
DA:12,2
DA:13,2
DA:14,4
DA:15,4
DA:16,3
DA:17,1
DA:18,1
DA:19,2
DA:20,1
DA:21,1
DA:22,2
DA:23,1
DA:24,3
DA:25,3
DA:26,3
LF:26
LH:26
BRDA:7,0,0,3
BRDA:11,1,0,1
BRDA:11,2,0,2
BRDA:16,3,0,1
BRDA:25,4,0,2
BRDA:25,5,0,1
BRDA:13,6,0,4
BRDA:18,7,0,2
BRDA:19,8,0,1
BRF:9
BRH:9
end_of_record
TN:
SF:src/functions/lastWord.js
FN:5,Object.<anonymous>.exports.default.String.lastWord
FNF:1
FNH:1
FNDA:1,Object.<anonymous>.exports.default.String.lastWord
DA:1,1
DA:2,1
DA:3,1
DA:4,1
DA:5,1
DA:6,1
DA:7,1
DA:8,1
LF:8
LH:8
BRDA:5,0,0,1
BRF:1
BRH:1
end_of_record
